<?xml version="1.0" encoding="UTF-8"?>
<testng-results ignored="0" total="1" passed="1" failed="0" skipped="0">
  <reporter-output>
  </reporter-output>
  <suite started-at="2021-09-30T14:59:30 IST" name="Default suite" finished-at="2021-09-30T14:59:38 IST" duration-ms="8293">
    <groups>
    </groups>
    <test started-at="2021-09-30T14:59:30 IST" name="Default test" finished-at="2021-09-30T14:59:38 IST" duration-ms="8293">
      <class name="tests.LoginTest">
        <test-method signature="login()[pri:0, instance:tests.LoginTest@22e357dc]" started-at="2021-09-30T14:59:30 IST" name="login" finished-at="2021-09-30T14:59:38 IST" duration-ms="8256" status="PASS">
          <reporter-output>
          </reporter-output>
        </test-method> <!-- login -->
      </class> <!-- tests.LoginTest -->
    </test> <!-- Default test -->
  </suite> <!-- Default suite -->
</testng-results>
